11:42:50.785 [main] INFO  testCases.Scenario1 - ******* formDemo Test Completed *******
11:42:52.556 [main] INFO  testCases.Scenario2 - ******* starting dragAndDrop Test *******
11:42:55.950 [main] INFO  testCases.Scenario3 - Starting Input Form Test
11:42:56.515 [main] INFO  testCases.Scenario3 - Navigated to Input Form Demo page
11:42:57.881 [main] INFO  testCases.Scenario3 - Clicked submit button without filling form
11:42:58.171 [main] INFO  testCases.Scenario3 - Validated error message: Please fill out this field.
11:42:59.481 [main] INFO  testCases.Scenario3 - Filled in form fields
11:42:59.676 [main] INFO  testCases.Scenario3 - Selected United States from country dropdown
11:43:08.496 [TestNG-test-Firefox Tests-1] INFO  testCases.Scenario2 - ******* starting dragAndDrop Test *******
11:44:03.891 [main] DEBUG org.testng.TestNG - suiteXmlPath: "C:\Users\anubh\OneDrive\Desktop\Eclipse workspace\LambdaTestFramework - Copy\testOnLambdaTest.xml"
11:44:04.272 [main] INFO  org.testng.internal.Utils - [TestNG] Running:
  C:\Users\anubh\OneDrive\Desktop\Eclipse workspace\LambdaTestFramework - Copy\testOnLambdaTest.xml

11:44:21.671 [main] INFO  testCases.Scenario1 - ******* starting formDemo Test *******
11:44:34.167 [main] INFO  testCases.Scenario1 - ******* formDemo Test Completed *******
11:44:47.770 [main] INFO  testCases.Scenario2 - ******* starting dragAndDrop Test *******
11:45:10.554 [main] INFO  testCases.Scenario3 - Starting Input Form Test
11:45:15.355 [main] INFO  testCases.Scenario3 - Navigated to Input Form Demo page
11:45:17.704 [main] INFO  testCases.Scenario3 - Clicked submit button without filling form
11:45:19.447 [main] INFO  testCases.Scenario3 - Validated error message: Please fill out this field.
11:45:30.300 [main] INFO  testCases.Scenario3 - Filled in form fields
11:45:31.485 [main] INFO  testCases.Scenario3 - Selected United States from country dropdown
